0 info it worked if it ends with ok
1 verbose cli [ '/usr/local/bin/node',
1 verbose cli   '/usr/local/bin/npm',
1 verbose cli   'install',
1 verbose cli   'server-static',
1 verbose cli   '--save' ]
2 info using npm@1.4.21
3 info using node@v0.10.30
4 verbose cache add [ 'server-static', null ]
5 verbose cache add name=undefined spec="server-static" args=["server-static",null]
6 verbose parsed url { protocol: null,
6 verbose parsed url   slashes: null,
6 verbose parsed url   auth: null,
6 verbose parsed url   host: null,
6 verbose parsed url   port: null,
6 verbose parsed url   hostname: null,
6 verbose parsed url   hash: null,
6 verbose parsed url   search: null,
6 verbose parsed url   query: null,
6 verbose parsed url   pathname: 'server-static',
6 verbose parsed url   path: 'server-static',
6 verbose parsed url   href: 'server-static' }
7 silly lockFile ee78d15c-server-static server-static
8 verbose lock server-static /Users/biankai/.npm/ee78d15c-server-static.lock
9 silly lockFile ee78d15c-server-static server-static
10 silly lockFile ee78d15c-server-static server-static
11 verbose addNamed [ 'server-static', '' ]
12 verbose addNamed [ null, '*' ]
13 silly lockFile 5d3fafed-server-static server-static@
14 verbose lock server-static@ /Users/biankai/.npm/5d3fafed-server-static.lock
15 silly addNameRange { name: 'server-static', range: '*', hasData: false }
16 verbose request where is /server-static
17 verbose request registry http://r.cnpmjs.org/
18 verbose request id df9a48ea344e63e9
19 verbose url raw /server-static
20 verbose url resolving [ 'http://r.cnpmjs.org/', './server-static' ]
21 verbose url resolved http://r.cnpmjs.org/server-static
22 verbose request where is http://r.cnpmjs.org/server-static
23 info trying registry request attempt 1 at 11:45:22
24 http GET http://r.cnpmjs.org/server-static
25 http 404 http://r.cnpmjs.org/server-static
26 verbose headers { server: 'nginx/1.4.6 (Ubuntu)',
26 verbose headers   date: 'Thu, 18 Dec 2014 03:45:22 GMT',
26 verbose headers   'content-type': 'application/json; charset=utf-8',
26 verbose headers   'content-length': '51',
26 verbose headers   connection: 'keep-alive',
26 verbose headers   'x-powered-by': 'koa',
26 verbose headers   'x-readtime': '17' }
27 silly registry.get cb [ 404,
27 silly registry.get   { server: 'nginx/1.4.6 (Ubuntu)',
27 silly registry.get     date: 'Thu, 18 Dec 2014 03:45:22 GMT',
27 silly registry.get     'content-type': 'application/json; charset=utf-8',
27 silly registry.get     'content-length': '51',
27 silly registry.get     connection: 'keep-alive',
27 silly registry.get     'x-powered-by': 'koa',
27 silly registry.get     'x-readtime': '17' } ]
28 silly lockFile 5d3fafed-server-static server-static@
29 silly lockFile 5d3fafed-server-static server-static@
30 error 404 404 Not Found: server-static
30 error 404
30 error 404 'server-static' is not in the npm registry.
30 error 404 You should bug the author to publish it
30 error 404
30 error 404 Note that you can also install from a
30 error 404 tarball, folder, or http url, or git url.
31 error System Darwin 14.0.0
32 error command "/usr/local/bin/node" "/usr/local/bin/npm" "install" "server-static" "--save"
33 error cwd /Users/biankai/project/github_bk/nodejs/nodejs_expressJS/html/demo_yunwei
34 error node -v v0.10.30
35 error npm -v 1.4.21
36 error code E404
37 verbose exit [ 1, true ]
